2024-11-13 14:52:03 INFO  TC001_AccountRegistrationTest:15 - ***** Starting TC001_AccountRegistrationTest  ****
2024-11-13 14:52:03 INFO  TC001_AccountRegistrationTest:21 - Clicked on MyAccount Link.. 
2024-11-13 14:52:03 INFO  TC001_AccountRegistrationTest:23 - Clicked on Register Link.. 
2024-11-13 14:52:03 INFO  TC001_AccountRegistrationTest:26 - Providing customer details...
2024-11-13 14:52:04 INFO  TC001_AccountRegistrationTest:40 - Validating expected message..
2024-11-13 14:52:04 INFO  TC001_AccountRegistrationTest:43 - Test passed
2024-11-13 14:52:04 INFO  TC001_AccountRegistrationTest:53 - ***** Finished TC001_AccountRegistrationTest *****
2024-11-13 14:52:06 INFO  TC002_LoginTest:16 - ****** Startign TC_002_LoginTest *****
2024-11-13 14:52:08 INFO  TC002_LoginTest:41 - ****** Finished TC_002_LoginTest *****
2024-11-13 15:04:37 INFO  TC001_AccountRegistrationTest:15 - ***** Starting TC001_AccountRegistrationTest  ****
2024-11-13 15:04:38 INFO  TC001_AccountRegistrationTest:21 - Clicked on MyAccount Link.. 
2024-11-13 15:04:38 INFO  TC001_AccountRegistrationTest:23 - Clicked on Register Link.. 
2024-11-13 15:04:38 INFO  TC001_AccountRegistrationTest:26 - Providing customer details...
2024-11-13 15:04:39 INFO  TC001_AccountRegistrationTest:40 - Validating expected message..
2024-11-13 15:04:39 INFO  TC001_AccountRegistrationTest:43 - Test passed
2024-11-13 15:04:39 INFO  TC001_AccountRegistrationTest:53 - ***** Finished TC001_AccountRegistrationTest *****
2024-11-13 15:04:41 INFO  TC002_LoginTest:16 - ****** Startign TC_002_LoginTest *****
2024-11-13 15:04:42 INFO  TC002_LoginTest:41 - ****** Finished TC_002_LoginTest *****
2024-11-13 15:08:36 INFO  TC001_AccountRegistrationTest:15 - ***** Starting TC001_AccountRegistrationTest  ****
2024-11-13 15:08:37 INFO  TC001_AccountRegistrationTest:21 - Clicked on MyAccount Link.. 
2024-11-13 15:08:37 INFO  TC001_AccountRegistrationTest:23 - Clicked on Register Link.. 
2024-11-13 15:08:37 INFO  TC001_AccountRegistrationTest:26 - Providing customer details...
2024-11-13 15:08:38 INFO  TC001_AccountRegistrationTest:40 - Validating expected message..
2024-11-13 15:08:38 INFO  TC001_AccountRegistrationTest:43 - Test passed
2024-11-13 15:08:38 INFO  TC001_AccountRegistrationTest:53 - ***** Finished TC001_AccountRegistrationTest *****
2024-11-13 15:08:40 INFO  TC002_LoginTest:16 - ****** Startign TC_002_LoginTest *****
2024-11-13 15:08:41 INFO  TC002_LoginTest:41 - ****** Finished TC_002_LoginTest *****
